2026-01-16T22:27:12.968Z [Hannibal] Mission initialized: Activity Log Streaming
2026-01-16T22:28:10.557Z [Face] Created item 001: Add activity-entry-added event type
2026-01-16T22:28:20.063Z [Face] Created item 002: SSE endpoint activity.log file watching
2026-01-16T22:28:27.427Z [Face] Created item 003: useBoardEvents onActivityEntry callback
2026-01-16T22:28:35.093Z [Face] Created item 004: Page integration for activity log streaming
2026-01-16T22:28:42.847Z [Face] Created item 005: End-to-end activity log streaming integration test
2026-01-16T22:46:05.997Z [Hannibal] Feature 001 → ready
2026-01-16T22:46:11.133Z [Hannibal] Feature 001 → testing
2026-01-16T22:46:31.239Z [Hannibal] Assigned 001 to murdock
2026-01-16T22:48:51.764Z [Hannibal] Released 001 from murdock
2026-01-16T22:48:55.279Z [Hannibal] Feature 001 → implementing
2026-01-16T22:49:20.069Z [Hannibal] Assigned 001 to ba
2026-01-16T22:50:07.734Z [Hannibal] Released 001 from ba
2026-01-16T22:50:11.519Z [Hannibal] Feature 001 → review
2026-01-16T22:50:32.939Z [Hannibal] Assigned 001 to lynch
2026-01-16T22:50:37.932Z [Hannibal] Feature 002 → ready
2026-01-16T22:50:37.993Z [Hannibal] Feature 003 → ready
2026-01-16T22:51:22.365Z [Hannibal] Released 001 from lynch
2026-01-16T22:51:22.427Z [Hannibal] Feature 001 → done
2026-01-16T22:51:27.328Z [Hannibal] Feature 002 → testing
2026-01-16T22:51:27.416Z [Hannibal] Feature 003 → testing
2026-01-16T22:51:52.156Z [Hannibal] Assigned 002 to murdock
2026-01-16T22:51:52.215Z [Hannibal] Assigned 003 to murdock
2026-01-16T22:53:46.495Z [Hannibal] Released 002 from murdock
2026-01-16T22:53:46.598Z [Hannibal] Released 003 from murdock
2026-01-16T22:53:51.677Z [Hannibal] Feature 002 → implementing
2026-01-16T22:53:51.738Z [Hannibal] Feature 003 → implementing
2026-01-16T22:54:29.313Z [Hannibal] Assigned 002 to ba
2026-01-16T22:54:29.372Z [Hannibal] Assigned 003 to ba
2026-01-16T23:03:59.166Z [Hannibal] Released 002 from ba
2026-01-16T23:03:59.768Z [Hannibal] Released 003 from ba
2026-01-16T23:04:04.100Z [Hannibal] Feature 002 → review
2026-01-16T23:04:04.692Z [Hannibal] Feature 003 → review
2026-01-16T23:04:58.632Z [Hannibal] Feature 002 → done
2026-01-16T23:04:59.243Z [Hannibal] Feature 003 → done
2026-01-16T23:05:25.922Z [Hannibal] Feature 004 → ready
2026-01-16T23:05:25.981Z [Hannibal] Feature 004 → testing
2026-01-16T23:07:30.134Z [Hannibal] Feature 004 → implementing
2026-01-16T23:07:33.774Z [Hannibal] Assigned 004 to ba
2026-01-16T23:08:25.462Z [Hannibal] Released 004 from ba
2026-01-16T23:08:25.521Z [Hannibal] Feature 004 → review
2026-01-16T23:09:15.237Z [Hannibal] Feature 004 → done
2026-01-16T23:09:24.601Z [Hannibal] Feature 005 → ready
2026-01-16T23:09:24.659Z [Hannibal] Feature 005 → testing
2026-01-16T23:11:50.425Z [Hannibal] Feature 005 → implementing
2026-01-16T23:11:55.274Z [Hannibal] Feature 005 → review
2026-01-16T23:12:53.047Z [Hannibal] Feature 005 → done
2026-01-17T00:06:20.899Z [Murdock] Test log entry from Murdock
