2026-01-18T04:40:42.571Z [Hannibal] Mission initialized: PRD 010: Smaller UI Tweaks
2026-01-18T04:42:10.578Z [Face] Created item 001: Add pulsing animation for working agent status
2026-01-18T04:42:24.577Z [Face] Created item 002: Progress bar turns green at 100% completion
2026-01-18T04:42:36.839Z [Face] Created item 003: Clear board UI after mission archive
2026-01-18T04:42:51.762Z [Face] Created item 004: Live Feed auto-scroll to new entries
2026-01-18T04:43:05.139Z [Face] Created item 005: Fix Live Feed agent name alignment
2026-01-18T04:43:19.521Z [Face] Created item 006: Add tooltip to dependency icon showing dependency IDs
2026-01-18T04:43:35.403Z [Face] Created item 007: Add mission-completed SSE event (backend)
2026-01-18T04:43:49.256Z [Face] Created item 008: Handle mission-completed event in UI (frontend)
2026-01-18T04:44:04.093Z [Face] Created item 009: Reduce work item card border radius
2026-01-18T04:44:21.917Z [Face] Created item 010: Apply tonal styling to work item type badges
2026-01-18T04:44:41.314Z [Face] Created item 011: Show assigned agent on work item cards in WIP stages
2026-01-18T04:44:57.484Z [Face] Created item 012: Set consistent minimum height for work item cards
2026-01-18T04:50:52.665Z [Hannibal] Updated 001: context, objective, acceptance
2026-01-18T04:50:53.310Z [Hannibal] Updated 002: context
2026-01-18T04:50:53.932Z [Hannibal] Updated 003: context, objective
2026-01-18T04:50:54.562Z [Hannibal] Updated 004: title, objective
2026-01-18T04:50:55.205Z [Hannibal] Updated 005: context, acceptance
2026-01-18T04:51:13.983Z [Hannibal] Updated 008: acceptance
2026-01-18T04:51:14.633Z [Hannibal] Updated 009: context, acceptance
2026-01-18T04:51:15.283Z [Hannibal] Updated 010: context
2026-01-18T04:51:15.904Z [Hannibal] Updated 012: context, acceptance
2026-01-18T04:51:59.054Z [Hannibal] Feature 001 → ready
2026-01-18T04:51:59.709Z [Hannibal] Feature 002 → ready
2026-01-18T04:52:00.356Z [Hannibal] Feature 003 → ready
2026-01-18T04:52:01.014Z [Hannibal] Feature 004 → ready
2026-01-18T04:52:01.662Z [Hannibal] Feature 005 → ready
2026-01-18T04:52:02.322Z [Hannibal] Feature 007 → ready
2026-01-18T04:52:03.041Z [Hannibal] Feature 009 → ready
2026-01-18T04:52:03.700Z [Hannibal] Feature 010 → ready
2026-01-18T04:52:04.361Z [Hannibal] Feature 012 → ready
