2026-01-18T05:30:10.459Z [Hannibal] Mission initialized: PRD 010: Smaller UI Tweaks
2026-01-18T05:37:41.665Z [Face] Created item 001: Progress Bar Completion Color
2026-01-18T05:37:59.662Z [Face] Created item 002: Board UI Clear After Archive
2026-01-18T05:38:10.186Z [Face] Created item 003: Live Feed Auto-Scroll Fix
2026-01-18T05:38:20.033Z [Face] Created item 004: Live Feed Text Alignment
2026-01-18T05:38:29.527Z [Face] Created item 005: Work Item Card Dependency Tooltip
2026-01-18T05:38:38.797Z [Face] Created item 006: Mission Completion SSE Event Backend
2026-01-18T05:38:47.245Z [Face] Created item 007: Mission Completion UI Handler
2026-01-18T05:38:55.989Z [Face] Created item 008: Work Item Card Reduced Border Radius
2026-01-18T05:39:05.895Z [Face] Created item 009: Tonal Type Badge Styling
2026-01-18T05:39:15.214Z [Face] Created item 010: Consistent Work Item Card Height
[2026-01-18T05:59:56.3NZ] [Hannibal] Mission started: PRD 010: Smaller UI Tweaks
2026-01-18T06:00:21.891Z [Murdock] Feature 001 → testing
2026-01-18T06:00:22.754Z [Murdock] Feature 002 → testing
2026-01-18T06:00:23.589Z [Murdock] Feature 003 → testing
2026-01-18T06:04:04.340Z [B.A.] Feature 001 → implementing
2026-01-18T06:04:05.166Z [B.A.] Feature 002 → implementing
2026-01-18T06:04:05.989Z [B.A.] Feature 003 → implementing
2026-01-18T06:04:11.939Z [Murdock] Feature 004 → testing
2026-01-18T06:04:12.789Z [Murdock] Feature 005 → testing
2026-01-18T06:04:13.601Z [Murdock] Feature 006 → testing
2026-01-18T06:08:35.533Z [Lynch] Feature 001 → review
2026-01-18T06:08:36.403Z [Lynch] Feature 002 → review
2026-01-18T06:08:37.301Z [Lynch] Feature 003 → review
2026-01-18T06:08:43.422Z [B.A.] Feature 004 → implementing
2026-01-18T06:08:44.376Z [B.A.] Feature 005 → implementing
2026-01-18T06:08:45.280Z [B.A.] Feature 006 → implementing
2026-01-18T06:08:53.539Z [Murdock] Feature 008 → testing
2026-01-18T06:08:54.451Z [Murdock] Feature 009 → testing
2026-01-18T06:08:55.374Z [Murdock] Feature 010 → testing
2026-01-18T06:12:33.310Z [Amy] Feature 001 → probing
2026-01-18T06:12:34.254Z [Amy] Feature 002 → probing
2026-01-18T06:12:35.173Z [Amy] Feature 003 → probing
2026-01-18T06:12:42.749Z [Lynch] Feature 004 → review
2026-01-18T06:12:43.691Z [Lynch] Feature 005 → review
2026-01-18T06:12:44.586Z [Lynch] Feature 006 → review
2026-01-18T06:12:51.529Z [B.A.] Feature 008 → implementing
2026-01-18T06:12:52.487Z [B.A.] Feature 009 → implementing
2026-01-18T06:12:53.399Z [B.A.] Feature 010 → implementing
2026-01-18T06:21:23.739Z [Amy] Feature 001 → done
2026-01-18T06:21:24.680Z [Amy] Feature 002 → done
2026-01-18T06:21:25.629Z [Amy] Feature 003 → done
2026-01-18T06:21:32.263Z [Amy] Feature 004 → probing
2026-01-18T06:21:33.261Z [Amy] Feature 005 → probing
2026-01-18T06:21:34.253Z [Amy] Feature 006 → probing
2026-01-18T06:21:40.514Z [Lynch] Feature 008 → review
2026-01-18T06:21:41.559Z [Lynch] Feature 009 → review
2026-01-18T06:21:42.637Z [Lynch] Feature 010 → review
2026-01-18T06:21:50.185Z [Hannibal] Feature 007 → ready
2026-01-18T06:23:42.074Z [Amy] Feature 004 → done
2026-01-18T06:23:43.200Z [Amy] Feature 005 → done
2026-01-18T06:23:44.276Z [Amy] Feature 006 → done
2026-01-18T06:23:50.856Z [Amy] Feature 008 → probing
2026-01-18T06:23:51.922Z [Amy] Feature 009 → probing
2026-01-18T06:23:52.914Z [Amy] Feature 010 → probing
2026-01-18T06:23:58.558Z [Murdock] Feature 007 → testing
2026-01-18T06:25:58.047Z [Amy] Feature 008 → done
2026-01-18T06:25:59.022Z [Amy] Feature 009 → done
2026-01-18T06:26:00.007Z [Amy] Feature 010 → done
2026-01-18T06:26:04.664Z [B.A.] Feature 007 → implementing
2026-01-18T06:27:25.132Z [Lynch] Feature 007 → review
2026-01-18T06:28:08.059Z [Amy] Feature 007 → probing
2026-01-18T06:29:15.113Z [Amy] Feature 007 → done
2026-01-18T06:29:15.113Z [System] 🎯 All items complete - Final Mission Review ready
