2026-01-18T03:00:52.623Z [Hannibal] Mission initialized: design-alignment
[2026-01-18T03:19:07.3NZ] [Hannibal] Mission ACTIVE - Starting pipeline execution
2026-01-18T03:20:06.617Z [Murdock] Feature 001 → testing
2026-01-18T03:20:14.685Z [Murdock] Feature 005 → testing
2026-01-18T03:20:15.496Z [Murdock] Feature 007 → testing
2026-01-18T03:21:02.690Z [Murdock] Analyzing Agent Status Bar implementation and existing tests
2026-01-18T03:21:02.989Z [Murdock] Starting test development for item 007 - card borders, hover states, and styling
2026-01-18T03:21:06.800Z [Murdock] Starting test development for item 001 - analyzing current implementation and test patterns
2026-01-18T03:21:32.691Z [Murdock] Tests written for probing column styling consistency - verifying purple styling is removed
2026-01-18T03:21:42.829Z [Murdock] Tests verified - 3 tests failing as expected (purple styling still present in implementation)
2026-01-18T03:21:43.705Z [Murdock] ✓ Feature 001 complete: Tests created for probing column styling consistency
2026-01-18T03:21:48.873Z [Murdock] Tests written for card styling: borders, hover states, padding, ID/title styling - all tests passing
2026-01-18T03:21:49.881Z [Murdock] Added comprehensive PRD layout tests - running test suite
2026-01-18T03:21:53.080Z [Murdock] ✓ Feature 007 complete: Tests created
2026-01-18T03:21:58.488Z [Murdock] All 55 tests passing - PRD layout verification complete
2026-01-18T03:22:02.604Z [Murdock] ✓ Feature 005 complete: Tests created
2026-01-18T03:22:18.602Z [B.A.] Feature 001 → implementing
2026-01-18T03:22:19.437Z [B.A.] Feature 005 → implementing
2026-01-18T03:22:20.277Z [B.A.] Feature 007 → implementing
2026-01-18T03:22:25.055Z [Murdock] Feature 010 → testing
2026-01-18T03:23:26.683Z [Murdock] Starting test creation for Google Fonts integration
2026-01-18T03:23:33.240Z [B.A.] Starting implementation: removing purple background from probing column
2026-01-18T03:23:34.207Z [B.A.] Starting implementation: updating card styling for borders, hover states, and refined appearance
2026-01-18T03:23:36.141Z [B.A.] Starting implementation: analyzing current layout and test requirements
2026-01-18T03:24:05.940Z [B.A.] Implementation complete: removed COLUMN_COLORS constant, all columns now use consistent bg-muted/30 background and standard header styling. All 51 tests pass.
2026-01-18T03:24:06.789Z [Ba] ✓ Feature 001 complete: Implementation complete
2026-01-18T03:24:13.502Z [B.A.] Implementation complete: updated card padding from 12px to 16px (p-4), all tests passing
2026-01-18T03:24:14.308Z [Ba] ✓ Feature 007 complete: Implementation complete
2026-01-18T03:24:27.549Z [B.A.] Implementation complete: updated gap spacing to 80px (gap-20), all tests passing
2026-01-18T03:24:28.340Z [Ba] ✓ Feature 005 complete: Implementation complete
2026-01-18T03:24:47.150Z [Murdock] Tests created for Google Fonts integration - 22 tests total (13 failing as expected before implementation)
2026-01-18T03:24:48.141Z [Murdock] ✓ Feature 010 complete: Tests created for Google Fonts integration
2026-01-18T03:24:59.046Z [Lynch] Feature 001 → review
2026-01-18T03:24:59.933Z [Lynch] Feature 005 → review
2026-01-18T03:25:00.823Z [Lynch] Feature 007 → review
2026-01-18T03:25:01.685Z [B.A.] Feature 010 → implementing
2026-01-18T03:25:43.572Z [B.A.] Starting font replacement - swapping Geist for Inter and JetBrains Mono
2026-01-18T03:26:19.352Z [Lynch] Feature 001: APPROVED - Removed purple styling from PROBING column, tests pass (32 tests)
2026-01-18T03:26:20.252Z [Lynch] ✓ Feature 001 complete: APPROVED - Purple styling removed from PROBING column, styling now consistent with other columns. All tests pass (32 tests).
2026-01-18T03:26:21.032Z [Lynch] Feature 005: APPROVED - Agent Status Bar layout updated per PRD specs, tests pass (49 tests)
2026-01-18T03:26:21.855Z [Lynch] ✓ Feature 005 complete: APPROVED - Agent Status Bar layout matches PRD (right-align, 80px gap, correct sizing). All tests pass (49 tests).
2026-01-18T03:26:22.680Z [Lynch] Feature 007: APPROVED - Card borders, hover states, and styling updated, tests pass (47 tests)
2026-01-18T03:26:23.508Z [Lynch] ✓ Feature 007 complete: APPROVED - Card styling updated (border, border-radius, padding, hover). All tests pass (47 tests).
2026-01-18T03:28:59.860Z [B.A.] Font replacement complete - all 22 tests passing
2026-01-18T03:29:08.180Z [Ba] ✓ Feature 010 complete: Implementation complete
2026-01-18T03:33:51.730Z [Amy] Feature 001 → probing
2026-01-18T03:33:52.664Z [Amy] Feature 005 → probing
2026-01-18T03:33:53.566Z [Amy] Feature 007 → probing
2026-01-18T03:34:01.274Z [Hannibal] Feature 001 → done
2026-01-18T03:34:02.182Z [Hannibal] Feature 005 → done
2026-01-18T03:34:03.081Z [Hannibal] Feature 007 → done
2026-01-18T03:34:10.944Z [Hannibal] Feature 006 → ready
2026-01-18T03:34:11.884Z [Hannibal] Feature 008 → ready
2026-01-18T03:34:12.781Z [Hannibal] Feature 011 → ready
2026-01-18T03:34:13.701Z [Hannibal] Feature 012 → ready
2026-01-18T03:34:23.814Z [Lynch] Feature 010 → review
2026-01-18T03:34:30.397Z [Murdock] Feature 006 → testing
2026-01-18T03:34:31.326Z [Murdock] Feature 008 → testing
2026-01-18T03:34:32.277Z [Murdock] Feature 011 → testing
2026-01-18T03:35:40.361Z [Lynch] Reviewed feature 010 - Google Fonts integration. Implementation is solid and complete.
2026-01-18T03:35:41.273Z [Lynch] ✓ Feature 010 complete: APPROVED - Implementation complete with one minor note about CSS variables
2026-01-18T03:36:33.804Z [Murdock] Tests created for Feature 006 (column header styling) - all tests passing, implementation already complete
2026-01-18T03:36:34.661Z [Murdock] ✓ Feature 006 complete: Tests created - implementation already complete
2026-01-18T03:36:39.384Z [Murdock] Tests created for Feature 008 (dependency icon display) - 8 tests ready for B.A. to implement
2026-01-18T03:36:40.254Z [Murdock] ✓ Feature 008 complete: Tests created - ready for implementation
2026-01-18T03:36:46.043Z [Murdock] Tests created for Feature 011 (type badge color update) - all tests passing, implementation already complete
2026-01-18T03:36:46.988Z [Murdock] ✓ Feature 011 complete: Tests created - implementation already complete
2026-01-18T03:38:24.488Z [Amy] Feature 010 → probing
2026-01-18T03:38:28.543Z [Hannibal] Feature 010 → done
2026-01-18T03:38:33.822Z [Hannibal] Feature 002 → ready
2026-01-18T03:38:34.800Z [Hannibal] Feature 009 → ready
2026-01-18T03:39:09.676Z [B.A.] Feature 006 → implementing
2026-01-18T03:39:10.677Z [B.A.] Feature 008 → implementing
2026-01-18T03:39:11.738Z [B.A.] Feature 011 → implementing
2026-01-18T03:39:12.775Z [Murdock] Feature 002 → testing
2026-01-18T03:39:15.450Z [Murdock] Feature 009 → testing
2026-01-18T03:39:16.508Z [Murdock] Feature 012 → testing
2026-01-18T03:42:07.382Z [Murdock] Created tests for Feature 002: SYSTEM LOG header and bracket formatting
2026-01-18T03:42:08.362Z [Murdock] ✓ Feature 002 complete: Tests created for SYSTEM LOG header and bracket formatting
2026-01-18T03:42:19.615Z [Murdock] Created tests for Feature 009: Work item modal styling refinements
2026-01-18T03:42:20.594Z [Murdock] ✓ Feature 009 complete: Tests created for modal styling with proper color scheme and typography
2026-01-18T03:42:25.376Z [Murdock] Created tests for Feature 012: Rejection badge with AlertTriangle icon styling
2026-01-18T03:42:26.482Z [Murdock] ✓ Feature 012 complete: Tests created for rejection badge with amber styling and AlertTriangle icon
2026-01-18T03:43:03.256Z [B.A.] Implemented Feature 006: Column header styling with borders, typography, and min-width
2026-01-18T03:43:07.247Z [Ba] ✓ Feature 006 complete: Implementation complete - all tests passing
2026-01-18T03:43:10.858Z [B.A.] Implemented Feature 008: Dependency icon display with Link2 icon and count
2026-01-18T03:43:14.488Z [Ba] ✓ Feature 008 complete: Implementation complete - all tests passing
2026-01-18T03:43:18.218Z [B.A.] Implemented Feature 011: Updated type badge feature color to cyan-500
2026-01-18T03:43:22.622Z [Ba] ✓ Feature 011 complete: Implementation complete - all tests passing
2026-01-18T03:44:09.823Z [lynch] Feature 006 → review
2026-01-18T03:44:10.564Z [lynch] Feature 008 → review
2026-01-18T03:44:11.329Z [lynch] Feature 011 → review
2026-01-18T03:44:16.075Z [ba] Feature 002 → implementing
2026-01-18T03:44:16.799Z [ba] Feature 009 → implementing
2026-01-18T03:44:17.529Z [ba] Feature 012 → implementing
2026-01-18T03:44:37.321Z [Lynch] Starting review of items 006, 008, 011
2026-01-18T03:44:58.831Z [B.A.] Starting implementation of items 002, 009, 012
2026-01-18T03:45:32.086Z [Lynch] Feature 006: APPROVED - Column header styling meets all acceptance criteria
2026-01-18T03:45:32.777Z [Lynch] Feature 008: APPROVED - Dependency icon display meets all acceptance criteria
2026-01-18T03:45:33.403Z [Lynch] Feature 011: APPROVED - Type badge cyan color meets all acceptance criteria
2026-01-18T03:45:41.593Z [Lynch] ✓ Feature 006 complete: APPROVED - Column header styling with ALL CAPS, borders, and min-width
2026-01-18T03:45:42.293Z [Lynch] ✓ Feature 008 complete: APPROVED - Dependency icon display with Link2 icon and count
2026-01-18T03:45:42.972Z [Lynch] ✓ Feature 011 complete: APPROVED - Type badge colors with cyan-500 for feature type
2026-01-18T03:47:09.969Z [B.A.] Implemented SYSTEM LOG header and bracket formatting in live-feed-panel.tsx - all tests passing
2026-01-18T03:47:10.646Z [B.A.] Implemented modal styling refinements in item-detail-modal.tsx - all tests passing
2026-01-18T03:47:11.313Z [B.A.] Implemented rejection badge styling in work-item-card.tsx - all tests passing
2026-01-18T03:47:17.609Z [Ba] ✓ Feature 002 complete: SYSTEM LOG header and bracket agent formatting implemented, all 44 tests passing
2026-01-18T03:47:18.351Z [Ba] ✓ Feature 009 complete: Modal styling refinements implemented, all 42 tests passing
2026-01-18T03:47:19.090Z [Ba] ✓ Feature 012 complete: Rejection badge styling with AlertTriangle implemented, all 93 tests passing
2026-01-18T03:47:38.525Z [amy] Feature 006 → probing
2026-01-18T03:47:39.351Z [amy] Feature 008 → probing
2026-01-18T03:47:40.112Z [amy] Feature 011 → probing
2026-01-18T03:47:40.890Z [lynch] Feature 002 → review
2026-01-18T03:47:41.646Z [lynch] Feature 009 → review
2026-01-18T03:47:42.433Z [lynch] Feature 012 → review
2026-01-18T03:47:55.951Z [Hannibal] Feature 006 → done
2026-01-18T03:47:56.706Z [Hannibal] Feature 008 → done
2026-01-18T03:47:57.475Z [Hannibal] Feature 011 → done
2026-01-18T03:48:01.996Z [Lynch] Starting review of items 002, 009, 012
2026-01-18T03:48:44.809Z [Lynch] Feature 002: APPROVED - SYSTEM LOG header and bracket formatting implemented correctly
2026-01-18T03:48:45.485Z [Lynch] Feature 009: APPROVED - Modal styling matches PRD specifications
2026-01-18T03:48:46.151Z [Lynch] Feature 012: APPROVED - Rejection badge styling with AlertTriangle icon correct
2026-01-18T03:48:53.582Z [Lynch] ✓ Feature 002 complete: APPROVED - Tests pass (44/44). SYSTEM LOG header present with correct styling. Agent names wrapped in brackets. All typography and color specs met.
2026-01-18T03:48:54.297Z [Lynch] ✓ Feature 009 complete: APPROVED - Tests pass (42/42). Modal container, close button, and section headers all match PRD specs for colors, sizing, and typography.
2026-01-18T03:48:55.025Z [Lynch] ✓ Feature 012 complete: APPROVED - Tests pass (93/93). AlertTriangle icon 14px, amber background/icon color, correct padding and border-radius.
2026-01-18T03:49:11.586Z [Amy] Feature 002 → probing
2026-01-18T03:49:12.340Z [Amy] Feature 009 → probing
2026-01-18T03:49:13.101Z [Amy] Feature 012 → probing
2026-01-18T03:49:17.892Z [Hannibal] Feature 002 → done
2026-01-18T03:49:18.703Z [Hannibal] Feature 009 → done
2026-01-18T03:49:19.539Z [Hannibal] Feature 012 → done
2026-01-18T03:49:26.270Z [Hannibal] Items 002, 009, 012 reached done. Unblocking items 003, 004.
2026-01-18T03:49:27.014Z [Hannibal] Feature 003 → ready
2026-01-18T03:49:27.798Z [Hannibal] Feature 004 → ready
2026-01-18T03:49:32.829Z [Murdock] Feature 003 → testing
2026-01-18T03:49:33.586Z [Murdock] Feature 004 → testing
2026-01-18T03:50:03.360Z [Murdock] Writing tests for items 003 and 004: smart auto-scroll and panel styling
2026-01-18T03:51:57.498Z [Murdock] Tests created for item 003: smart auto-scroll (6 test cases for scroll behavior)
2026-01-18T03:51:58.184Z [Murdock] Tests created for item 004: panel styling (5 test cases for background, border, layout)
2026-01-18T03:52:05.557Z [Murdock] ✓ Feature 003 complete: Tests created: 6 test cases for smart auto-scroll behavior - pinned to bottom, auto-scroll on new entries, pause when scrolled up, resume within 50px threshold, smooth scroll behavior
2026-01-18T03:52:06.316Z [Murdock] ✓ Feature 004 complete: Tests created: 5 test cases for panel styling - background #1a1a1a, 1px left border #374151, text wrap with break-words, entry layout with shrink-0 elements
2026-01-18T03:52:22.872Z [B.A.] Feature 003 → implementing
2026-01-18T03:52:23.663Z [B.A.] Feature 004 → implementing
2026-01-18T03:52:56.497Z [B.A.] Implementing smart auto-scroll and panel styling for Live Feed
2026-01-18T03:53:24.766Z [B.A.] All tests passing for smart auto-scroll and panel styling
2026-01-18T03:53:25.508Z [B.A.] ✓ Feature 003 complete: Smart auto-scroll implemented: tracks user scroll position, auto-scrolls only when at bottom (within 50px threshold), smooth scroll behavior
2026-01-18T03:53:26.251Z [B.A.] ✓ Feature 004 complete: Panel container styled with #1a1a1a background and 1px #374151 left border
2026-01-18T03:53:41.536Z [Lynch] Feature 003 → review
2026-01-18T03:53:42.279Z [Lynch] Feature 004 → review
2026-01-18T03:53:57.063Z [Lynch] Starting review of items 003 and 004
2026-01-18T03:54:48.918Z [Lynch] All tests pass (1152 total). Both features meet acceptance criteria.
2026-01-18T03:54:56.023Z [Lynch] ✓ Feature 003 complete: APPROVED: Smart auto-scroll correctly implemented with 50px threshold, scroll tracking via isAtBottomRef, and smooth scroll CSS class. All 55 live-feed-panel tests pass.
2026-01-18T03:54:56.711Z [Lynch] ✓ Feature 004 complete: APPROVED: Panel container styling correctly applied - bg-[#1a1a1a], border-l border-[#374151], break-words for text wrapping. Width 400px verified in responsive-board.tsx.
2026-01-18T03:55:01.058Z [Lynch] APPROVED - Items 003 and 004 pass review
2026-01-18T03:55:17.992Z [Amy] Feature 003 → probing
2026-01-18T03:55:18.737Z [Amy] Feature 004 → probing
2026-01-18T03:55:22.271Z [Amy] Probing complete for items 003 and 004
2026-01-18T03:55:26.517Z [Hannibal] Feature 003 → done
2026-01-18T03:55:26.518Z [System] 🎯 All items complete - Final Mission Review ready
2026-01-18T03:55:27.228Z [Hannibal] Feature 004 → done
2026-01-18T03:56:17.013Z [Lynch] FINAL APPROVED - Mission design-alignment complete. All 12 items delivered. 1152 tests passing. Build successful.
2026-01-18T03:56:37.801Z [Hannibal] I love it when a plan comes together.
