2026-01-17T16:09:44.857Z [Hannibal] Mission initialized: Mission Completion Timer
2026-01-17T16:10:49.964Z [Face] Created item 001: Add completion fields to Mission interface
2026-01-17T16:10:58.650Z [Face] Created item 002: Implement timer freeze on mission completion
2026-01-17T16:11:07.090Z [Face] Created item 003: Add visual completion indicator to header
2026-01-17T16:11:15.409Z [Face] Created item 004: Support mission reopening with timer resume
2026-01-17T16:13:28.274Z [Hannibal] Feature 001 → ready
2026-01-17T16:13:36.108Z [Murdock] Feature 001 → testing
2026-01-17T16:13:59.571Z [Murdock] Starting work on Mission completion types - writing tests first
2026-01-17T16:15:32.745Z [Murdock] Tests ready for Mission completion types - 9 test cases, TypeScript correctly reports missing completed_at and duration_ms fields
2026-01-17T16:15:46.747Z [B.A.] Feature 001 → implementing
2026-01-17T16:16:04.727Z [B.A.] Starting implementation of Mission completion fields
2026-01-17T16:16:30.413Z [B.A.] All tests passing - Mission completion fields implemented
2026-01-17T16:16:38.825Z [Lynch] Feature 001 → review
2026-01-17T16:16:54.590Z [Lynch] Reviewing feature 001: Add completion fields to Mission interface
2026-01-17T16:17:12.530Z [Lynch] Tests PASS (9 passing), build successful
2026-01-17T16:17:16.352Z [Lynch] APPROVED - Feature 001 complete, all acceptance criteria met
2026-01-17T16:17:30.010Z [Hannibal] Feature 001 → done
2026-01-17T16:17:39.165Z [Hannibal] Feature 002 → ready
2026-01-17T16:17:43.677Z [Murdock] Feature 002 → testing
2026-01-17T16:18:02.329Z [Murdock] Starting tests for header-bar completion timer freeze (item 002)
2026-01-17T16:19:00.777Z [Murdock] Created 12 test cases for timer freeze on mission completion - all failing as expected (missing impl)
2026-01-17T16:19:14.598Z [B.A.] Feature 002 → implementing
2026-01-17T16:19:30.312Z [B.A.] Starting implementation of timer freeze on mission completion
2026-01-17T16:22:16.373Z [B.A.] All tests passing - timer freeze on mission completion implemented
2026-01-17T16:22:30.916Z [Lynch] Feature 002 → review
2026-01-17T16:22:43.038Z [Lynch] Reviewing feature 002 - timer freeze on mission completion
2026-01-17T16:23:08.898Z [Lynch] Tests pass (38/38), build succeeds - verifying acceptance criteria
2026-01-17T16:23:19.481Z [Lynch] APPROVED - feature 002 timer freeze implementation complete
2026-01-17T16:23:30.981Z [Hannibal] Feature 002 → done
2026-01-17T16:23:37.038Z [Hannibal] Feature 003 → ready
2026-01-17T16:23:37.098Z [Hannibal] Feature 004 → ready
2026-01-17T16:23:46.009Z [Murdock] Feature 003 → testing
2026-01-17T16:23:46.069Z [Murdock] Feature 004 → testing
2026-01-17T16:24:07.697Z [Murdock] Starting tests for mission reopening with timer resume
2026-01-17T16:24:08.564Z [Murdock] Starting tests for header bar completion visual indicator (item 003)
2026-01-17T16:24:49.417Z [Murdock] Tests for header bar completion visual (item 003) complete - 11 test cases, 3 failing as expected (missing impl)
2026-01-17T16:25:55.067Z [Murdock] Created 12 test cases for mission reopening timer resume
2026-01-17T16:26:12.822Z [Murdock] Tests ready at src/__tests__/header-bar-reopen.test.tsx - all 12 passing
2026-01-17T16:26:27.759Z [B.A.] Feature 003 → implementing
2026-01-17T16:26:27.820Z [B.A.] Feature 004 → implementing
2026-01-17T16:26:48.356Z [B.A.] Starting work on item 004 - mission reopening timer resume
2026-01-17T16:26:50.874Z [B.A.] Starting implementation of header bar completion visual indicator
2026-01-17T16:27:27.950Z [B.A.] Item 004 complete - all 12 reopen tests pass. Build passes.
2026-01-17T16:27:34.533Z [B.A.] All tests passing - header bar completion visual indicator implemented
2026-01-17T16:27:47.841Z [Lynch] Feature 003 → review
2026-01-17T16:27:47.905Z [Lynch] Feature 004 → review
2026-01-17T16:28:02.578Z [Lynch] Reviewing feature 004: Support mission reopening with timer resume
2026-01-17T16:28:05.157Z [Lynch] Reviewing feature 003: Add visual completion indicator to header
2026-01-17T16:28:23.780Z [Lynch] Tests PASS (11 passing), Build PASS
2026-01-17T16:28:31.154Z [Lynch] Tests PASS (12 passing), Build PASS - verifying acceptance criteria
2026-01-17T16:28:38.744Z [Lynch] APPROVED - Feature 003: All acceptance criteria met
2026-01-17T16:28:45.948Z [Lynch] APPROVED - feature 004: All acceptance criteria verified
2026-01-17T16:28:58.845Z [Hannibal] Feature 003 → done
2026-01-17T16:28:58.909Z [Hannibal] Feature 004 → done
2026-01-17T16:28:58.910Z [System] 🎯 All items complete - Final Mission Review ready
2026-01-17T16:29:56.298Z [Lynch] Running FINAL MISSION REVIEW for Mission Completion Timer
2026-01-17T16:30:58.570Z [Lynch] FINAL APPROVED - All 44 mission tests pass, build succeeds, code review complete
